cl : Command line warning D9035: option 'Gm' has been deprecated and will be removed in a future release
  main.cpp
c:\users\marti\source\repos\martin-studna\space-invaders\main.cpp(49): warning C4244: 'initializing': conversion from 'int' to 'float', possible loss of data
c:\users\marti\source\repos\martin-studna\space-invaders\main.cpp(93): warning C4018: '<': signed/unsigned mismatch
c:\users\marti\source\repos\martin-studna\space-invaders\main.cpp(162): warning C4018: '<': signed/unsigned mismatch
c:\users\marti\source\repos\martin-studna\space-invaders\main.cpp(164): warning C4018: '<': signed/unsigned mismatch
c:\users\marti\source\repos\martin-studna\space-invaders\main.cpp(211): warning C4244: 'argument': conversion from 'double' to 'float', possible loss of data
c:\users\marti\source\repos\martin-studna\space-invaders\main.cpp(219): warning C4018: '<': signed/unsigned mismatch
c:\users\marti\source\repos\martin-studna\space-invaders\main.cpp(222): warning C4244: 'argument': conversion from 'double' to 'float', possible loss of data
c:\users\marti\source\repos\martin-studna\space-invaders\main.cpp(222): warning C4244: 'argument': conversion from 'int' to 'float', possible loss of data
c:\users\marti\source\repos\martin-studna\space-invaders\main.cpp(236): warning C4018: '<': signed/unsigned mismatch
c:\users\marti\source\repos\martin-studna\space-invaders\main.cpp(250): warning C4244: '=': conversion from 'int' to 'float', possible loss of data
c:\users\marti\source\repos\martin-studna\space-invaders\main.cpp(251): warning C4244: '=': conversion from 'int' to 'float', possible loss of data
c:\users\marti\source\repos\martin-studna\space-invaders\main.cpp(252): warning C4244: '=': conversion from 'int' to 'float', possible loss of data
c:\users\marti\source\repos\martin-studna\space-invaders\main.cpp(253): warning C4244: '=': conversion from 'int' to 'float', possible loss of data
c:\program files (x86)\microsoft visual studio\2017\enterprise\vc\tools\msvc\14.16.27023\include\xmemory0(881): warning C4244: 'argument': conversion from 'float' to 'int', possible loss of data
  c:\program files (x86)\microsoft visual studio\2017\enterprise\vc\tools\msvc\14.16.27023\include\vector(902): note: see reference to function template instantiation 'void std::_Default_allocator_traits<_Alloc>::construct<_Ty,float&,float&>(_Alloc &,_Objty *const ,float &,float &)' being compiled
          with
          [
              _Alloc=std::allocator<bullet>,
              _Ty=bullet,
              _Objty=bullet
          ]
  c:\program files (x86)\microsoft visual studio\2017\enterprise\vc\tools\msvc\14.16.27023\include\vector(902): note: see reference to function template instantiation 'void std::_Default_allocator_traits<_Alloc>::construct<_Ty,float&,float&>(_Alloc &,_Objty *const ,float &,float &)' being compiled
          with
          [
              _Alloc=std::allocator<bullet>,
              _Ty=bullet,
              _Objty=bullet
          ]
  c:\program files (x86)\microsoft visual studio\2017\enterprise\vc\tools\msvc\14.16.27023\include\vector(919): note: see reference to function template instantiation 'void std::vector<bullet,std::allocator<_Ty>>::_Emplace_back_with_unused_capacity<float&,float&>(float &,float &)' being compiled
          with
          [
              _Ty=bullet
          ]
  c:\users\marti\source\repos\martin-studna\space-invaders\main.cpp(135): note: see reference to function template instantiation 'void std::vector<bullet,std::allocator<_Ty>>::emplace_back<float&,float&>(float &,float &)' being compiled
          with
          [
              _Ty=bullet
          ]
  leet.vcxproj -> C:\Users\marti\source\repos\martin-studna\space-invaders\Debug\leet.exe
